

Microchip Technology PIC18 LITE Macro Assembler V1.20 build 52243 
                                                                                               Thu Jan 30 15:48:14 2014

Microchip Technology Omniscient Code Generator (Lite mode) build 52243
     1                           	processor	18F46K22
     2                           	fnconf	rparam,??,?,0
     3                           	opt	pw 120
     4                           	opt	lm
     5                           	psect	text0,global,reloc=2,class=CODE,delta=1
     6                           	psect	cinit,global,reloc=2,class=CODE,delta=1
     7                           	psect	cstackCOMRAM,global,class=COMRAM,space=1,delta=1
     8                           	psect	text1,global,reloc=2,class=CODE,delta=1
     9                           	psect	text2,global,reloc=2,class=CODE,delta=1
    10                           	psect	text3,global,reloc=2,class=CODE,delta=1
    11                           	psect	intsave_regs,global,class=BIGRAM,space=1,delta=1
    12                           	psect	rparam,global,class=COMRAM,space=1,delta=1
    13  0000                     _LATA	set	3977
    14  0000                     _LATE	set	3981
    15  0000                     _TRISA	set	3986
    16  0000                     _TRISE	set	3990
    17                           
    18                           ; 0 bytes @ 0xA
    19 ;;
    20 ;;Main: autosize = 0, tempsize = 0, incstack = 0, save=0
    21 ;;
    22 ;; *************** function _main *****************
    23 ;; Defined at:
    24 ;;		line 51 in file "main.c"
    25 ;; Parameters:    Size  Location     Type
    26 ;;  argc            2    5[COMRAM] int 
    27 ;;  argv            3    7[COMRAM] PTR PTR unsigned char 
    28 ;; Auto vars:     Size  Location     Type
    29 ;;		None
    30 ;; Return value:  Size  Location     Type
    31 ;;                  2    5[COMRAM] int 
    32 ;; Registers used:
    33 ;;		wreg, status,2, status,0, cstack
    34 ;; Tracked objects:
    35 ;;		On entry : 0/0
    36 ;;		On exit  : 0/0
    37 ;;		Unchanged: 0/0
    38 ;; Data sizes:     COMRAM   BANK0   BANK1   BANK2   BANK3   BANK4   BANK5   BANK6   BANK7   BANK8   BANK9  BANK10  BANK1
      +1  BANK12  BANK13  BANK14  BANK15
    39 ;;      Params:         5       0       0       0       0       0       0       0       0       0       0       0       
      +0       0       0       0       0
    40 ;;      Locals:         0       0       0       0       0       0       0       0       0       0       0       0       
      +0       0       0       0       0
    41 ;;      Temps:          0       0       0       0       0       0       0       0       0       0       0       0       
      +0       0       0       0       0
    42 ;;      Totals:         5       0       0       0       0       0       0       0       0       0       0       0       
      +0       0       0       0       0
    43 ;;Total ram usage:        5 bytes
    44 ;; Hardware stack levels required when called:    2
    45 ;; This function calls:
    46 ;;		_setup
    47 ;;		_program
    48 ;; This function is called by:
    49 ;;		Startup code after reset
    50 ;; This function uses a non-reentrant model
    51 ;;
    52                           
    53                           	psect	text0
    54  00FF72                     __ptext0:
    55                           	opt stack 0
    56                           
    57                           ; #config settings
    58  00FF72                     _main:
    59                           	opt stack 29
    60                           
    61                           ;main.c: 52: setup();
    62                           
    63                           ;incstack = 0
    64                           ;incstack = 0
    65  00FF72  ECB4  F07F         	call	_setup	;wreg free
    66  00FF76                     l654:
    67                           
    68                           ;main.c: 54: program();
    69  00FF76  ECDB  F07F         	call	_program	;wreg free
    70  00FF7A  D7FD               	goto	l654
    71  00FF7C                     __end_of_main:
    72                           	opt stack 0
    73                           
    74                           	psect	cinit
    75  00FF62                     __pcinit:
    76                           	opt stack 0
    77  00FF62                     start_initialization:
    78                           	opt stack 0
    79  00FF62                     __initialization:
    80                           	opt stack 0
    81  00FF62                     end_of_initialization:
    82                           	opt stack 0
    83  00FF62                     __end_of__initialization:
    84                           	opt stack 0
    85  00FF62  0100               	movlb	0
    86  00FF64  EFB9  F07F         	goto	_main	;jump to C main() function
    87                           
    88                           	psect	cstackCOMRAM
    89  000001                     __pcstackCOMRAM:
    90                           	opt stack 0
    91  000001                     ?_leds:
    92                           	opt stack 0
    93  000001                     leds@port:
    94                           	opt stack 0
    95                           
    96                           ; 1 bytes @ 0x0
    97  000001                     	ds	1
    98  000002                     ??_leds:
    99                           
   100                           ; 0 bytes @ 0x1
   101  000002                     	ds	1
   102  000003                     ??_program:
   103                           
   104                           ; 0 bytes @ 0x2
   105  000003                     	ds	1
   106  000004                     program@Sens:
   107                           	opt stack 0
   108                           
   109                           ; 1 bytes @ 0x3
   110  000004                     	ds	1
   111  000005                     program@Leds:
   112                           	opt stack 0
   113                           
   114                           ; 1 bytes @ 0x4
   115  000005                     	ds	1
   116  000006                     
   117                           ; 2 bytes @ 0x5
   118  000006                     	ds	2
   119  000008                     
   120                           ; 3 bytes @ 0x7
   121  000008                     	ds	3
   122  00000B                     
   123 ;; *************** function _program *****************
   124 ;; Defined at:
   125 ;;		line 35 in file "main.c"
   126 ;; Parameters:    Size  Location     Type
   127 ;;		None
   128 ;; Auto vars:     Size  Location     Type
   129 ;;  Leds            1    4[COMRAM] unsigned char 
   130 ;;  Sens            1    3[COMRAM] unsigned char 
   131 ;; Return value:  Size  Location     Type
   132 ;;		None               void
   133 ;; Registers used:
   134 ;;		wreg, status,2, status,0, cstack
   135 ;; Tracked objects:
   136 ;;		On entry : 0/0
   137 ;;		On exit  : 0/0
   138 ;;		Unchanged: 0/0
   139 ;; Data sizes:     COMRAM   BANK0   BANK1   BANK2   BANK3   BANK4   BANK5   BANK6   BANK7   BANK8   BANK9  BANK10  BANK1
      +1  BANK12  BANK13  BANK14  BANK15
   140 ;;      Params:         0       0       0       0       0       0       0       0       0       0       0       0       
      +0       0       0       0       0
   141 ;;      Locals:         2       0       0       0       0       0       0       0       0       0       0       0       
      +0       0       0       0       0
   142 ;;      Temps:          1       0       0       0       0       0       0       0       0       0       0       0       
      +0       0       0       0       0
   143 ;;      Totals:         3       0       0       0       0       0       0       0       0       0       0       0       
      +0       0       0       0       0
   144 ;;Total ram usage:        3 bytes
   145 ;; Hardware stack levels used:    1
   146 ;; Hardware stack levels required when called:    1
   147 ;; This function calls:
   148 ;;		_leds
   149 ;; This function is called by:
   150 ;;		_main
   151 ;; This function uses a non-reentrant model
   152 ;;
   153                           
   154                           	psect	text1
   155  00FFB6                     __ptext1:
   156                           	opt stack 0
   157  00FFB6                     _program:
   158                           	opt stack 29
   159                           
   160                           ;main.c: 36: unsigned char Leds=0x01;
   161                           
   162                           ;incstack = 0
   163                           ;incstack = 0
   164  00FFB6  6E03               	movwf	??_program& (0+255),c
   165  00FFB8  0E01               	movlw	1
   166  00FFBA  6E05               	movwf	program@Leds,c
   167  00FFBC  5003               	movf	??_program& (0+255),w,c
   168                           
   169                           ;main.c: 37: unsigned char Sens=0;
   170  00FFBE  6E03               	movwf	??_program& (0+255),c
   171  00FFC0  0E00               	movlw	0
   172  00FFC2  6E04               	movwf	program@Sens,c
   173  00FFC4  5003               	movf	??_program& (0+255),w,c
   174  00FFC6                     l636:
   175                           
   176                           ;main.c: 39: leds(Leds);
   177  00FFC6  C005  F001         	movff	program@Leds,?_leds
   178  00FFCA  ECBE  F07F         	call	_leds	;wreg free
   179                           
   180                           ;main.c: 40: if (Leds == 0x80){
   181  00FFCE  5005               	movf	program@Leds,w,c
   182  00FFD0  0A80               	xorlw	128
   183  00FFD2  A4D8               	btfss	status,2,c
   184  00FFD4  D004               	goto	l642
   185                           
   186                           ;main.c: 41: Sens=1;
   187  00FFD6  6E03               	movwf	??_program& (0+255),c
   188  00FFD8  0E01               	movlw	1
   189  00FFDA  6E04               	movwf	program@Sens,c
   190  00FFDC  5003               	movf	??_program& (0+255),w,c
   191  00FFDE                     l642:
   192                           
   193                           ;main.c: 42: }
   194                           ;main.c: 43: if (Leds == 0x01){
   195  00FFDE  0405               	decf	program@Leds,w,c
   196  00FFE0  A4D8               	btfss	status,2,c
   197  00FFE2  D004               	goto	l646
   198                           
   199                           ;main.c: 44: Sens=0;
   200  00FFE4  6E03               	movwf	??_program& (0+255),c
   201  00FFE6  0E00               	movlw	0
   202  00FFE8  6E04               	movwf	program@Sens,c
   203  00FFEA  5003               	movf	??_program& (0+255),w,c
   204  00FFEC                     l646:
   205                           
   206                           ;main.c: 45: }
   207                           ;main.c: 46: if (Sens) Leds=Leds >> 1;
   208  00FFEC  5004               	movf	program@Sens,w,c
   209  00FFEE  B4D8               	btfsc	status,2,c
   210  00FFF0  D003               	goto	l650
   211  00FFF2  90D8               	bcf	status,0,c
   212  00FFF4  3005               	rrcf	program@Leds,w,c
   213  00FFF6  D002               	goto	L1
   214  00FFF8                     l650:
   215                           
   216                           ;main.c: 47: else Leds=Leds << 1;
   217  00FFF8  5005               	movf	program@Leds,w,c
   218  00FFFA  2405               	addwf	program@Leds,w,c
   219  00FFFC                     L1:
   220  00FFFC  6E05               	movwf	program@Leds,c
   221  00FFFE  D7E3               	goto	l636
   222  010000                     __end_of_program:
   223                           	opt stack 0
   224                           status	equ	0xFD8
   225                           
   226 ;; *************** function _leds *****************
   227 ;; Defined at:
   228 ;;		line 21 in file "main.c"
   229 ;; Parameters:    Size  Location     Type
   230 ;;  port            1    0[COMRAM] unsigned char 
   231 ;; Auto vars:     Size  Location     Type
   232 ;;		None
   233 ;; Return value:  Size  Location     Type
   234 ;;		None               void
   235 ;; Registers used:
   236 ;;		wreg, status,2, status,0
   237 ;; Tracked objects:
   238 ;;		On entry : 0/0
   239 ;;		On exit  : 0/0
   240 ;;		Unchanged: 0/0
   241 ;; Data sizes:     COMRAM   BANK0   BANK1   BANK2   BANK3   BANK4   BANK5   BANK6   BANK7   BANK8   BANK9  BANK10  BANK1
      +1  BANK12  BANK13  BANK14  BANK15
   242 ;;      Params:         1       0       0       0       0       0       0       0       0       0       0       0       
      +0       0       0       0       0
   243 ;;      Locals:         0       0       0       0       0       0       0       0       0       0       0       0       
      +0       0       0       0       0
   244 ;;      Temps:          1       0       0       0       0       0       0       0       0       0       0       0       
      +0       0       0       0       0
   245 ;;      Totals:         2       0       0       0       0       0       0       0       0       0       0       0       
      +0       0       0       0       0
   246 ;;Total ram usage:        2 bytes
   247 ;; Hardware stack levels used:    1
   248 ;; This function calls:
   249 ;;		Nothing
   250 ;; This function is called by:
   251 ;;		_program
   252 ;; This function uses a non-reentrant model
   253 ;;
   254                           
   255                           	psect	text2
   256  00FF7C                     __ptext2:
   257                           	opt stack 0
   258  00FF7C                     _leds:
   259                           	opt stack 29
   260                           
   261                           ;main.c: 22: port=~port;
   262                           
   263                           ;incstack = 0
   264                           ;incstack = 0
   265  00FF7C  1E01               	comf	leds@port,f,c
   266                           
   267                           ;main.c: 23: LATA=port&0x3F;
   268  00FF7E  5001               	movf	leds@port,w,c
   269  00FF80  0B3F               	andlw	63
   270  00FF82  6E89               	movwf	3977,c	;volatile
   271                           
   272                           ;main.c: 24: if(port & 0x40){
   273  00FF84  AC01               	btfss	leds@port,6,c
   274  00FF86  D003               	goto	l622
   275                           
   276                           ;main.c: 25: LATE=LATE | 0x01;
   277  00FF88  508D               	movf	3981,w,c	;volatile
   278  00FF8A  0901               	iorlw	1
   279  00FF8C  D002               	goto	L2
   280  00FF8E                     l622:
   281                           
   282                           ;main.c: 27: else LATE=LATE & ~0x01;
   283  00FF8E  508D               	movf	3981,w,c	;volatile
   284  00FF90  0BFE               	andlw	254
   285  00FF92                     L2:
   286  00FF92  6E8D               	movwf	3981,c	;volatile
   287                           
   288                           ;main.c: 28: if(port & 0x80){
   289  00FF94  AE01               	btfss	leds@port,7,c
   290  00FF96  D003               	goto	l628
   291                           
   292                           ;main.c: 29: LATE=LATE | 0x02;
   293  00FF98  508D               	movf	3981,w,c	;volatile
   294  00FF9A  0902               	iorlw	2
   295  00FF9C  D002               	goto	L3
   296  00FF9E                     l628:
   297                           
   298                           ;main.c: 31: else LATE=LATE & ~0x02;
   299  00FF9E  508D               	movf	3981,w,c	;volatile
   300  00FFA0  0BFD               	andlw	253
   301  00FFA2                     L3:
   302  00FFA2  6E8D               	movwf	3981,c	;volatile
   303                           
   304                           ;main.c: 32: _delay((unsigned long)((190)*(4000000/4000.0)));
   305  00FFA4  0EF7               	movlw	247
   306  00FFA6  6E02               	movwf	??_leds& (0+255),c
   307  00FFA8  0EBF               	movlw	191
   308  00FFAA                     u67:
   309  00FFAA  2EE8               	decfsz	wreg,f,c
   310  00FFAC  D7FE               	goto	u67
   311  00FFAE  2E02               	decfsz	??_leds& (0+255),f,c
   312  00FFB0  D7FC               	goto	u67
   313  00FFB2  D000               	nop2	
   314  00FFB4  0012               	return	
   315  00FFB6                     __end_of_leds:
   316                           	opt stack 0
   317                           wreg	equ	0xFE8
   318                           status	equ	0xFD8
   319                           
   320 ;; *************** function _setup *****************
   321 ;; Defined at:
   322 ;;		line 17 in file "main.c"
   323 ;; Parameters:    Size  Location     Type
   324 ;;		None
   325 ;; Auto vars:     Size  Location     Type
   326 ;;		None
   327 ;; Return value:  Size  Location     Type
   328 ;;		None               void
   329 ;; Registers used:
   330 ;;		wreg, status,2
   331 ;; Tracked objects:
   332 ;;		On entry : 0/0
   333 ;;		On exit  : 0/0
   334 ;;		Unchanged: 0/0
   335 ;; Data sizes:     COMRAM   BANK0   BANK1   BANK2   BANK3   BANK4   BANK5   BANK6   BANK7   BANK8   BANK9  BANK10  BANK1
      +1  BANK12  BANK13  BANK14  BANK15
   336 ;;      Params:         0       0       0       0       0       0       0       0       0       0       0       0       
      +0       0       0       0       0
   337 ;;      Locals:         0       0       0       0       0       0       0       0       0       0       0       0       
      +0       0       0       0       0
   338 ;;      Temps:          0       0       0       0       0       0       0       0       0       0       0       0       
      +0       0       0       0       0
   339 ;;      Totals:         0       0       0       0       0       0       0       0       0       0       0       0       
      +0       0       0       0       0
   340 ;;Total ram usage:        0 bytes
   341 ;; Hardware stack levels used:    1
   342 ;; This function calls:
   343 ;;		Nothing
   344 ;; This function is called by:
   345 ;;		_main
   346 ;; This function uses a non-reentrant model
   347 ;;
   348                           
   349                           	psect	text3
   350  00FF68                     __ptext3:
   351                           	opt stack 0
   352  00FF68                     _setup:
   353                           	opt stack 30
   354                           
   355                           ;main.c: 18: TRISA=0x00;
   356                           
   357                           ;incstack = 0
   358                           ;incstack = 0
   359  00FF68  0E00               	movlw	0
   360  00FF6A  6E92               	movwf	3986,c	;volatile
   361                           
   362                           ;main.c: 19: TRISE=0x00;
   363  00FF6C  0E00               	movlw	0
   364  00FF6E  6E96               	movwf	3990,c	;volatile
   365  00FF70  0012               	return	
   366  00FF72                     __end_of_setup:
   367                           	opt stack 0
   368  0000                     wreg	equ	0xFE8
   369                           status	equ	0xFD8
   370                           wreg	equ	0xFE8
   371                           status	equ	0xFD8
   372                           
   373                           	psect	rparam
   374  0000                     wreg	equ	0xFE8
   375                           status	equ	0xFD8


Data Sizes:
    Strings     0
    Constant    0
    Data        0
    BSS         0
    Persistent  0
    Stack       0

Auto Spaces:
    Space          Size  Autos    Used
    COMRAM           95     10      10
    BANK0           160      0       0
    BANK1           256      0       0
    BANK2           256      0       0
    BANK3           256      0       0
    BANK4           256      0       0
    BANK5           256      0       0
    BANK6           256      0       0
    BANK7           256      0       0
    BANK8           256      0       0
    BANK9           256      0       0
    BANK10          256      0       0
    BANK11          256      0       0
    BANK12          256      0       0
    BANK13          256      0       0
    BANK14          256      0       0
    BANK15           56      0       0

Pointer List with Targets:

    None.

Critical Paths under _main in COMRAM

    _main->_program
    _program->_leds

Critical Paths under _main in BANK0

    None.

Critical Paths under _main in BANK1

    None.

Critical Paths under _main in BANK2

    None.

Critical Paths under _main in BANK3

    None.

Critical Paths under _main in BANK4

    None.

Critical Paths under _main in BANK5

    None.

Critical Paths under _main in BANK6

    None.

Critical Paths under _main in BANK7

    None.

Critical Paths under _main in BANK8

    None.

Critical Paths under _main in BANK9

    None.

Critical Paths under _main in BANK10

    None.

Critical Paths under _main in BANK11

    None.

Critical Paths under _main in BANK12

    None.

Critical Paths under _main in BANK13

    None.

Critical Paths under _main in BANK14

    None.

Critical Paths under _main in BANK15

    None.

Call Graph Tables:

 ---------------------------------------------------------------------------------
 (Depth) Function   	        Calls       Base Space   Used Autos Params    Refs
 ---------------------------------------------------------------------------------
 (0) _main                                                 5     0      5     150
                                              5 COMRAM     5     0      5
                              _setup
                            _program
 ---------------------------------------------------------------------------------
 (1) _program                                              3     3      0     150
                                              2 COMRAM     3     3      0
                               _leds
 ---------------------------------------------------------------------------------
 (2) _leds                                                 2     1      1      60
                                              0 COMRAM     2     1      1
 ---------------------------------------------------------------------------------
 (1) _setup                                                0     0      0       0
 ---------------------------------------------------------------------------------
 Estimated maximum stack depth 2
 ---------------------------------------------------------------------------------

 Call Graph Graphs:

 _main (ROOT)
   _setup
   _program
     _leds

 Address spaces:
Name               Size   Autos  Total    Cost      Usage
BITCOMRAM           5F      0       0       0        0.0%
EEDATA             400      0       0       0        0.0%
NULL                 0      0       0       0        0.0%
CODE                 0      0       0       0        0.0%
COMRAM              5F      A       A       1       10.5%
STACK                0      0       2       2        0.0%
DATA                 0      0       0       3        0.0%
BITBANK0            A0      0       0       4        0.0%
BANK0               A0      0       0       5        0.0%
BITBANK1           100      0       0       6        0.0%
BANK1              100      0       0       7        0.0%
BITBANK2           100      0       0       8        0.0%
BANK2              100      0       0       9        0.0%
BITBANK3           100      0       0      10        0.0%
BANK3              100      0       0      11        0.0%
ABS                  0      0       0      12        0.0%
BITBANK4           100      0       0      13        0.0%
BANK4              100      0       0      14        0.0%
BITBANK5           100      0       0      15        0.0%
BANK5              100      0       0      16        0.0%
BITBANK6           100      0       0      17        0.0%
BANK6              100      0       0      18        0.0%
BITBANK7           100      0       0      19        0.0%
BANK7              100      0       0      20        0.0%
BITBANK8           100      0       0      21        0.0%
BANK8              100      0       0      22        0.0%
BITBANK9           100      0       0      23        0.0%
BANK9              100      0       0      24        0.0%
BITBANK10          100      0       0      25        0.0%
BANK10             100      0       0      26        0.0%
BITBANK11          100      0       0      27        0.0%
BANK11             100      0       0      28        0.0%
BITBANK12          100      0       0      29        0.0%
BANK12             100      0       0      30        0.0%
BITBANK13          100      0       0      31        0.0%
BANK13             100      0       0      32        0.0%
BITBANK14          100      0       0      33        0.0%
BANK14             100      0       0      34        0.0%
BITBANK15           38      0       0      35        0.0%
BANK15              38      0       0      36        0.0%
BIGRAM             F37      0       0      37        0.0%
BITSFR_1             0      0       0      40        0.0%
SFR_1                0      0       0      40        0.0%
BITSFR               0      0       0      40        0.0%
SFR                  0      0       0      40        0.0%


Microchip Technology PIC18 Macro Assembler V1.20 build 52243 
Symbol Table                                                                                   Thu Jan 30 15:48:14 2014

                     u67 FFAA             __CFG_CP0$OFF 000000             __CFG_CP1$OFF 000000  
           __CFG_CP2$OFF 000000             __CFG_CP3$OFF 000000              __CFG_LVP$ON 000000  
                    l622 FF8E                      l650 FFF8                      l642 FFDE  
                    l628 FF9E                      l636 FFC6                      l646 FFEC  
                    l654 FF76             __CFG_CPB$OFF 000000             __CFG_CPD$OFF 000000  
                    wreg 000FE8             __CFG_FOSC$XT 000000                     _LATA 000F89  
                   _LATE 000F8D                     _main FF72                     _leds FF7C  
          __CFG_BORV$190 000000                     start 0000            __CFG_IESO$OFF 000000  
                  ?_main 0006                    ?_leds 0001                    _TRISA 000F92  
                  _TRISE 000F96            __CFG_WRT0$OFF 000000            __CFG_WRT1$OFF 000000  
          __CFG_WRT2$OFF 000000            __CFG_WRT3$OFF 000000           __CFG_EBTR0$OFF 000000  
         __CFG_FCMEN$OFF 000000           __CFG_EBTR1$OFF 000000           __CFG_EBTR2$OFF 000000  
         __CFG_EBTR3$OFF 000000            __CFG_WRTB$OFF 000000            __CFG_WRTC$OFF 000000  
          __CFG_WRTD$OFF 000000           __CFG_EBTRB$OFF 000000       __CFG_MCLRE$EXTMCLR 000000  
                  _setup FF68          __end_of_program 0000                    status 000FD8  
         __CFG_HFOFST$ON 000000           __CFG_PBADEN$ON 000000          __initialization FF62  
           __end_of_main FF7C             __end_of_leds FFB6                   ??_main 000B  
                 ??_leds 0002            __activetblptr 000000                   ?_setup 0001  
         __CFG_WDTEN$OFF 000000           __CFG_XINST$OFF 000000           __CFG_STVREN$ON 000000  
              ??_program 0003               __accesstop 0060  __end_of__initialization FF62  
         __pcstackCOMRAM 0001            __end_of_setup FF72                  ??_setup 0001  
        __CFG_PLLCFG$OFF 000000       __CFG_CCP2MX$PORTC1 000000       __CFG_CCP3MX$PORTB5 000000  
        __CFG_PWRTEN$OFF 000000                  __Hparam 0000                  __Lparam 0000  
                __pcinit FF62                  __ramtop 1000                  __ptext0 FF72  
                __ptext1 FFB6                  __ptext2 FF7C                  __ptext3 FF68  
                _program FFB6     end_of_initialization FF62              program@Leds 0005  
            program@Sens 0004      start_initialization FF62         __CFG_PRICLKEN$ON 000000  
               ?_program 0001           __size_of_setup 000A         __CFG_WDTPS$32768 000000  
               __Hrparam 0000                 __Lrparam 0000       __CFG_BOREN$SBORDIS 000000  
      __CFG_P2BMX$PORTD2 000000         __size_of_program 004A            __size_of_main 000A  
          __size_of_leds 003A                 main@argc 0006                 main@argv 0008  
               leds@port 0001        __CFG_T3CMX$PORTC0 000000  
