

Microchip Technology PIC18 LITE Macro Assembler V1.20 build 52243 
                                                                                               Thu Jan 30 15:09:46 2014

Microchip Technology Omniscient Code Generator (Lite mode) build 52243
     1                           	processor	18F46K22
     2                           	fnconf	rparam,??,?,0
     3                           	opt	pw 120
     4                           	opt	lm
     5                           	psect	text0,global,reloc=2,class=CODE,delta=1
     6                           	psect	cinit,global,reloc=2,class=CODE,delta=1
     7                           	psect	cstackCOMRAM,global,class=COMRAM,space=1,delta=1
     8                           	psect	text1,global,reloc=2,class=CODE,delta=1
     9                           	psect	text2,global,reloc=2,class=CODE,delta=1
    10                           	psect	text3,global,reloc=2,class=CODE,delta=1
    11                           	psect	intsave_regs,global,class=BIGRAM,space=1,delta=1
    12                           	psect	rparam,global,class=COMRAM,space=1,delta=1
    13  0000                     _LATA	set	3977
    14  0000                     _LATE	set	3981
    15  0000                     _TRISA	set	3986
    16  0000                     _TRISE	set	3990
    17                           
    18                           ; 0 bytes @ 0x7
    19 ;;
    20 ;;Main: autosize = 0, tempsize = 0, incstack = 0, save=0
    21 ;;
    22 ;; *************** function _main *****************
    23 ;; Defined at:
    24 ;;		line 43 in file "main.c"
    25 ;; Parameters:    Size  Location     Type
    26 ;;  argc            2    2[COMRAM] int 
    27 ;;  argv            3    4[COMRAM] PTR PTR unsigned char 
    28 ;; Auto vars:     Size  Location     Type
    29 ;;		None
    30 ;; Return value:  Size  Location     Type
    31 ;;                  2    2[COMRAM] int 
    32 ;; Registers used:
    33 ;;		wreg, status,2, status,0, cstack
    34 ;; Tracked objects:
    35 ;;		On entry : 0/0
    36 ;;		On exit  : 0/0
    37 ;;		Unchanged: 0/0
    38 ;; Data sizes:     COMRAM   BANK0   BANK1   BANK2   BANK3   BANK4   BANK5   BANK6   BANK7   BANK8   BANK9  BANK10  BANK1
      +1  BANK12  BANK13  BANK14  BANK15
    39 ;;      Params:         5       0       0       0       0       0       0       0       0       0       0       0       
      +0       0       0       0       0
    40 ;;      Locals:         0       0       0       0       0       0       0       0       0       0       0       0       
      +0       0       0       0       0
    41 ;;      Temps:          0       0       0       0       0       0       0       0       0       0       0       0       
      +0       0       0       0       0
    42 ;;      Totals:         5       0       0       0       0       0       0       0       0       0       0       0       
      +0       0       0       0       0
    43 ;;Total ram usage:        5 bytes
    44 ;; Hardware stack levels required when called:    2
    45 ;; This function calls:
    46 ;;		_setup
    47 ;;		_program
    48 ;; This function is called by:
    49 ;;		Startup code after reset
    50 ;; This function uses a non-reentrant model
    51 ;;
    52                           
    53                           	psect	text0
    54  00FF94                     __ptext0:
    55                           	opt stack 0
    56                           
    57                           ; #config settings
    58  00FF94                     _main:
    59                           	opt stack 29
    60                           
    61                           ;main.c: 44: setup();
    62                           
    63                           ;incstack = 0
    64                           ;incstack = 0
    65  00FF94  ECC5  F07F         	call	_setup	;wreg free
    66  00FF98                     l638:
    67                           
    68                           ;main.c: 46: program();
    69  00FF98  ECE3  F07F         	call	_program	;wreg free
    70  00FF9C  D7FD               	goto	l638
    71  00FF9E                     __end_of_main:
    72                           	opt stack 0
    73                           
    74                           	psect	cinit
    75  00FF84                     __pcinit:
    76                           	opt stack 0
    77  00FF84                     start_initialization:
    78                           	opt stack 0
    79  00FF84                     __initialization:
    80                           	opt stack 0
    81  00FF84                     end_of_initialization:
    82                           	opt stack 0
    83  00FF84                     __end_of__initialization:
    84                           	opt stack 0
    85  00FF84  0100               	movlb	0
    86  00FF86  EFCA  F07F         	goto	_main	;jump to C main() function
    87                           
    88                           	psect	cstackCOMRAM
    89  000001                     __pcstackCOMRAM:
    90                           	opt stack 0
    91  000001                     ?_leds:
    92                           	opt stack 0
    93  000001                     leds@port:
    94                           	opt stack 0
    95                           
    96                           ; 1 bytes @ 0x0
    97  000001                     	ds	1
    98  000002                     ??_program:
    99                           
   100                           ; 0 bytes @ 0x1
   101  000002                     	ds	1
   102  000003                     
   103                           ; 2 bytes @ 0x2
   104  000003                     	ds	2
   105  000005                     
   106                           ; 3 bytes @ 0x4
   107  000005                     	ds	3
   108  000008                     
   109 ;; *************** function _program *****************
   110 ;; Defined at:
   111 ;;		line 37 in file "main.c"
   112 ;; Parameters:    Size  Location     Type
   113 ;;		None
   114 ;; Auto vars:     Size  Location     Type
   115 ;;		None
   116 ;; Return value:  Size  Location     Type
   117 ;;		None               void
   118 ;; Registers used:
   119 ;;		wreg, status,2, status,0, cstack
   120 ;; Tracked objects:
   121 ;;		On entry : 0/0
   122 ;;		On exit  : 0/0
   123 ;;		Unchanged: 0/0
   124 ;; Data sizes:     COMRAM   BANK0   BANK1   BANK2   BANK3   BANK4   BANK5   BANK6   BANK7   BANK8   BANK9  BANK10  BANK1
      +1  BANK12  BANK13  BANK14  BANK15
   125 ;;      Params:         0       0       0       0       0       0       0       0       0       0       0       0       
      +0       0       0       0       0
   126 ;;      Locals:         0       0       0       0       0       0       0       0       0       0       0       0       
      +0       0       0       0       0
   127 ;;      Temps:          1       0       0       0       0       0       0       0       0       0       0       0       
      +0       0       0       0       0
   128 ;;      Totals:         1       0       0       0       0       0       0       0       0       0       0       0       
      +0       0       0       0       0
   129 ;;Total ram usage:        1 bytes
   130 ;; Hardware stack levels used:    1
   131 ;; Hardware stack levels required when called:    1
   132 ;; This function calls:
   133 ;;		_leds
   134 ;; This function is called by:
   135 ;;		_main
   136 ;; This function uses a non-reentrant model
   137 ;;
   138                           
   139                           	psect	text1
   140  00FFC6                     __ptext1:
   141                           	opt stack 0
   142  00FFC6                     _program:
   143                           	opt stack 29
   144                           
   145                           ;main.c: 38: leds(0x0F);
   146                           
   147                           ;incstack = 0
   148                           ;incstack = 0
   149  00FFC6  6E02               	movwf	??_program& (0+255),c
   150  00FFC8  0E0F               	movlw	15
   151  00FFCA  6E01               	movwf	?_leds,c
   152  00FFCC  5002               	movf	??_program& (0+255),w,c
   153  00FFCE  ECCF  F07F         	call	_leds	;wreg free
   154                           
   155                           ;main.c: 39: _delay((unsigned long)((190)*(4000000/4000.0)));
   156  00FFD2  0EF7               	movlw	247
   157  00FFD4  6E02               	movwf	??_program& (0+255),c
   158  00FFD6  0EBF               	movlw	191
   159  00FFD8                     u47:
   160  00FFD8  2EE8               	decfsz	wreg,f,c
   161  00FFDA  D7FE               	goto	u47
   162  00FFDC  2E02               	decfsz	??_program& (0+255),f,c
   163  00FFDE  D7FC               	goto	u47
   164  00FFE0  D000               	nop2	
   165                           
   166                           ;main.c: 40: leds(0x00);
   167  00FFE2  6E02               	movwf	??_program& (0+255),c
   168  00FFE4  0E00               	movlw	0
   169  00FFE6  6E01               	movwf	?_leds,c
   170  00FFE8  5002               	movf	??_program& (0+255),w,c
   171  00FFEA  ECCF  F07F         	call	_leds	;wreg free
   172                           
   173                           ;main.c: 41: _delay((unsigned long)((190)*(4000000/4000.0)));
   174  00FFEE  0EF7               	movlw	247
   175  00FFF0  6E02               	movwf	??_program& (0+255),c
   176  00FFF2  0EBF               	movlw	191
   177  00FFF4                     u57:
   178  00FFF4  2EE8               	decfsz	wreg,f,c
   179  00FFF6  D7FE               	goto	u57
   180  00FFF8  2E02               	decfsz	??_program& (0+255),f,c
   181  00FFFA  D7FC               	goto	u57
   182  00FFFC  D000               	nop2	
   183  00FFFE  0012               	return	
   184  010000                     __end_of_program:
   185                           	opt stack 0
   186                           wreg	equ	0xFE8
   187                           
   188 ;; *************** function _leds *****************
   189 ;; Defined at:
   190 ;;		line 27 in file "main.c"
   191 ;; Parameters:    Size  Location     Type
   192 ;;  port            1    0[COMRAM] unsigned char 
   193 ;; Auto vars:     Size  Location     Type
   194 ;;		None
   195 ;; Return value:  Size  Location     Type
   196 ;;		None               void
   197 ;; Registers used:
   198 ;;		wreg, status,2, status,0
   199 ;; Tracked objects:
   200 ;;		On entry : 0/0
   201 ;;		On exit  : 0/0
   202 ;;		Unchanged: 0/0
   203 ;; Data sizes:     COMRAM   BANK0   BANK1   BANK2   BANK3   BANK4   BANK5   BANK6   BANK7   BANK8   BANK9  BANK10  BANK1
      +1  BANK12  BANK13  BANK14  BANK15
   204 ;;      Params:         1       0       0       0       0       0       0       0       0       0       0       0       
      +0       0       0       0       0
   205 ;;      Locals:         0       0       0       0       0       0       0       0       0       0       0       0       
      +0       0       0       0       0
   206 ;;      Temps:          0       0       0       0       0       0       0       0       0       0       0       0       
      +0       0       0       0       0
   207 ;;      Totals:         1       0       0       0       0       0       0       0       0       0       0       0       
      +0       0       0       0       0
   208 ;;Total ram usage:        1 bytes
   209 ;; Hardware stack levels used:    1
   210 ;; This function calls:
   211 ;;		Nothing
   212 ;; This function is called by:
   213 ;;		_program
   214 ;; This function uses a non-reentrant model
   215 ;;
   216                           
   217                           	psect	text2
   218  00FF9E                     __ptext2:
   219                           	opt stack 0
   220  00FF9E                     _leds:
   221                           	opt stack 29
   222                           
   223                           ;main.c: 28: LATA=port;
   224                           
   225                           ;incstack = 0
   226                           ;incstack = 0
   227  00FF9E  C001  FF89         	movff	leds@port,3977	;volatile
   228                           
   229                           ;main.c: 29: if(port & 0x40){
   230  00FFA2  AC01               	btfss	leds@port,6,c
   231  00FFA4  D003               	goto	l622
   232                           
   233                           ;main.c: 30: LATE=LATE | 0x01;
   234  00FFA6  508D               	movf	3981,w,c	;volatile
   235  00FFA8  0901               	iorlw	1
   236  00FFAA  D002               	goto	L1
   237  00FFAC                     l622:
   238                           
   239                           ;main.c: 32: else LATE=LATE & ~0x01;
   240  00FFAC  508D               	movf	3981,w,c	;volatile
   241  00FFAE  0BFE               	andlw	254
   242  00FFB0                     L1:
   243  00FFB0  6E8D               	movwf	3981,c	;volatile
   244                           
   245                           ;main.c: 33: if(port & 0x80){
   246  00FFB2  AE01               	btfss	leds@port,7,c
   247  00FFB4  D004               	goto	l628
   248                           
   249                           ;main.c: 34: LATE=LATE | 0x02;
   250  00FFB6  508D               	movf	3981,w,c	;volatile
   251  00FFB8  0902               	iorlw	2
   252  00FFBA  6E8D               	movwf	3981,c	;volatile
   253                           
   254                           ;main.c: 35: } else LATE=LATE & ~0x02;
   255  00FFBC  0012               	return	
   256  00FFBE                     l628:
   257  00FFBE  508D               	movf	3981,w,c	;volatile
   258  00FFC0  0BFD               	andlw	253
   259  00FFC2  6E8D               	movwf	3981,c	;volatile
   260  00FFC4  0012               	return	
   261  00FFC6                     __end_of_leds:
   262                           	opt stack 0
   263                           wreg	equ	0xFE8
   264                           
   265 ;; *************** function _setup *****************
   266 ;; Defined at:
   267 ;;		line 17 in file "main.c"
   268 ;; Parameters:    Size  Location     Type
   269 ;;		None
   270 ;; Auto vars:     Size  Location     Type
   271 ;;		None
   272 ;; Return value:  Size  Location     Type
   273 ;;		None               void
   274 ;; Registers used:
   275 ;;		wreg, status,2
   276 ;; Tracked objects:
   277 ;;		On entry : 0/0
   278 ;;		On exit  : 0/0
   279 ;;		Unchanged: 0/0
   280 ;; Data sizes:     COMRAM   BANK0   BANK1   BANK2   BANK3   BANK4   BANK5   BANK6   BANK7   BANK8   BANK9  BANK10  BANK1
      +1  BANK12  BANK13  BANK14  BANK15
   281 ;;      Params:         0       0       0       0       0       0       0       0       0       0       0       0       
      +0       0       0       0       0
   282 ;;      Locals:         0       0       0       0       0       0       0       0       0       0       0       0       
      +0       0       0       0       0
   283 ;;      Temps:          0       0       0       0       0       0       0       0       0       0       0       0       
      +0       0       0       0       0
   284 ;;      Totals:         0       0       0       0       0       0       0       0       0       0       0       0       
      +0       0       0       0       0
   285 ;;Total ram usage:        0 bytes
   286 ;; Hardware stack levels used:    1
   287 ;; This function calls:
   288 ;;		Nothing
   289 ;; This function is called by:
   290 ;;		_main
   291 ;; This function uses a non-reentrant model
   292 ;;
   293                           
   294                           	psect	text3
   295  00FF8A                     __ptext3:
   296                           	opt stack 0
   297  00FF8A                     _setup:
   298                           	opt stack 30
   299                           
   300                           ;main.c: 18: TRISA=0x00;
   301                           
   302                           ;incstack = 0
   303                           ;incstack = 0
   304  00FF8A  0E00               	movlw	0
   305  00FF8C  6E92               	movwf	3986,c	;volatile
   306                           
   307                           ;main.c: 19: TRISE=0x00;
   308  00FF8E  0E00               	movlw	0
   309  00FF90  6E96               	movwf	3990,c	;volatile
   310  00FF92  0012               	return	
   311  00FF94                     __end_of_setup:
   312                           	opt stack 0
   313  0000                     wreg	equ	0xFE8
   314                           wreg	equ	0xFE8
   315                           
   316                           	psect	rparam
   317  0000                     wreg	equ	0xFE8


Data Sizes:
    Strings     0
    Constant    0
    Data        0
    BSS         0
    Persistent  0
    Stack       0

Auto Spaces:
    Space          Size  Autos    Used
    COMRAM           95      7       7
    BANK0           160      0       0
    BANK1           256      0       0
    BANK2           256      0       0
    BANK3           256      0       0
    BANK4           256      0       0
    BANK5           256      0       0
    BANK6           256      0       0
    BANK7           256      0       0
    BANK8           256      0       0
    BANK9           256      0       0
    BANK10          256      0       0
    BANK11          256      0       0
    BANK12          256      0       0
    BANK13          256      0       0
    BANK14          256      0       0
    BANK15           56      0       0

Pointer List with Targets:

    None.

Critical Paths under _main in COMRAM

    _main->_program
    _program->_leds

Critical Paths under _main in BANK0

    None.

Critical Paths under _main in BANK1

    None.

Critical Paths under _main in BANK2

    None.

Critical Paths under _main in BANK3

    None.

Critical Paths under _main in BANK4

    None.

Critical Paths under _main in BANK5

    None.

Critical Paths under _main in BANK6

    None.

Critical Paths under _main in BANK7

    None.

Critical Paths under _main in BANK8

    None.

Critical Paths under _main in BANK9

    None.

Critical Paths under _main in BANK10

    None.

Critical Paths under _main in BANK11

    None.

Critical Paths under _main in BANK12

    None.

Critical Paths under _main in BANK13

    None.

Critical Paths under _main in BANK14

    None.

Critical Paths under _main in BANK15

    None.

Call Graph Tables:

 ---------------------------------------------------------------------------------
 (Depth) Function   	        Calls       Base Space   Used Autos Params    Refs
 ---------------------------------------------------------------------------------
 (0) _main                                                 5     0      5      45
                                              2 COMRAM     5     0      5
                              _setup
                            _program
 ---------------------------------------------------------------------------------
 (1) _program                                              1     1      0      45
                                              1 COMRAM     1     1      0
                               _leds
 ---------------------------------------------------------------------------------
 (2) _leds                                                 1     0      1      45
                                              0 COMRAM     1     0      1
 ---------------------------------------------------------------------------------
 (1) _setup                                                0     0      0       0
 ---------------------------------------------------------------------------------
 Estimated maximum stack depth 2
 ---------------------------------------------------------------------------------

 Call Graph Graphs:

 _main (ROOT)
   _setup
   _program
     _leds

 Address spaces:
Name               Size   Autos  Total    Cost      Usage
BITCOMRAM           5F      0       0       0        0.0%
EEDATA             400      0       0       0        0.0%
NULL                 0      0       0       0        0.0%
CODE                 0      0       0       0        0.0%
COMRAM              5F      7       7       1        7.4%
STACK                0      0       2       2        0.0%
DATA                 0      0       0       3        0.0%
BITBANK0            A0      0       0       4        0.0%
BANK0               A0      0       0       5        0.0%
BITBANK1           100      0       0       6        0.0%
BANK1              100      0       0       7        0.0%
BITBANK2           100      0       0       8        0.0%
BANK2              100      0       0       9        0.0%
BITBANK3           100      0       0      10        0.0%
BANK3              100      0       0      11        0.0%
ABS                  0      0       0      12        0.0%
BITBANK4           100      0       0      13        0.0%
BANK4              100      0       0      14        0.0%
BITBANK5           100      0       0      15        0.0%
BANK5              100      0       0      16        0.0%
BITBANK6           100      0       0      17        0.0%
BANK6              100      0       0      18        0.0%
BITBANK7           100      0       0      19        0.0%
BANK7              100      0       0      20        0.0%
BITBANK8           100      0       0      21        0.0%
BANK8              100      0       0      22        0.0%
BITBANK9           100      0       0      23        0.0%
BANK9              100      0       0      24        0.0%
BITBANK10          100      0       0      25        0.0%
BANK10             100      0       0      26        0.0%
BITBANK11          100      0       0      27        0.0%
BANK11             100      0       0      28        0.0%
BITBANK12          100      0       0      29        0.0%
BANK12             100      0       0      30        0.0%
BITBANK13          100      0       0      31        0.0%
BANK13             100      0       0      32        0.0%
BITBANK14          100      0       0      33        0.0%
BANK14             100      0       0      34        0.0%
BITBANK15           38      0       0      35        0.0%
BANK15              38      0       0      36        0.0%
BIGRAM             F37      0       0      37        0.0%
BITSFR_1             0      0       0      40        0.0%
SFR_1                0      0       0      40        0.0%
BITSFR               0      0       0      40        0.0%
SFR                  0      0       0      40        0.0%


Microchip Technology PIC18 Macro Assembler V1.20 build 52243 
Symbol Table                                                                                   Thu Jan 30 15:09:46 2014

                     u47 FFD8                       u57 FFF4             __CFG_CP0$OFF 000000  
           __CFG_CP1$OFF 000000             __CFG_CP2$OFF 000000             __CFG_CP3$OFF 000000  
            __CFG_LVP$ON 000000                      l622 FFAC                      l628 FFBE  
                    l638 FF98             __CFG_CPB$OFF 000000             __CFG_CPD$OFF 000000  
                    wreg 000FE8             __CFG_FOSC$XT 000000                     _LATA 000F89  
                   _LATE 000F8D                     _main FF94                     _leds FF9E  
          __CFG_BORV$190 000000                     start 0000            __CFG_IESO$OFF 000000  
                  ?_main 0003                    ?_leds 0001                    _TRISA 000F92  
                  _TRISE 000F96            __CFG_WRT0$OFF 000000            __CFG_WRT1$OFF 000000  
          __CFG_WRT2$OFF 000000            __CFG_WRT3$OFF 000000           __CFG_EBTR0$OFF 000000  
         __CFG_FCMEN$OFF 000000           __CFG_EBTR1$OFF 000000           __CFG_EBTR2$OFF 000000  
         __CFG_EBTR3$OFF 000000            __CFG_WRTB$OFF 000000            __CFG_WRTC$OFF 000000  
          __CFG_WRTD$OFF 000000           __CFG_EBTRB$OFF 000000       __CFG_MCLRE$EXTMCLR 000000  
                  _setup FF8A          __end_of_program 0000           __CFG_HFOFST$ON 000000  
         __CFG_PBADEN$ON 000000          __initialization FF84             __end_of_main FF9E  
           __end_of_leds FFC6                   ??_main 0008                   ??_leds 0002  
          __activetblptr 000000                   ?_setup 0001           __CFG_WDTEN$OFF 000000  
         __CFG_XINST$OFF 000000           __CFG_STVREN$ON 000000                ??_program 0002  
             __accesstop 0060  __end_of__initialization FF84           __pcstackCOMRAM 0001  
          __end_of_setup FF94                  ??_setup 0001          __CFG_PLLCFG$OFF 000000  
     __CFG_CCP2MX$PORTC1 000000       __CFG_CCP3MX$PORTB5 000000          __CFG_PWRTEN$OFF 000000  
                __Hparam 0000                  __Lparam 0000                  __pcinit FF84  
                __ramtop 1000                  __ptext0 FF94                  __ptext1 FFC6  
                __ptext2 FF9E                  __ptext3 FF8A                  _program FFC6  
   end_of_initialization FF84      start_initialization FF84         __CFG_PRICLKEN$ON 000000  
               ?_program 0001           __size_of_setup 000A         __CFG_WDTPS$32768 000000  
               __Hrparam 0000                 __Lrparam 0000       __CFG_BOREN$SBORDIS 000000  
      __CFG_P2BMX$PORTD2 000000         __size_of_program 003A            __size_of_main 000A  
          __size_of_leds 0028                 main@argc 0003                 main@argv 0005  
               leds@port 0001        __CFG_T3CMX$PORTC0 000000  
